<?xml version="1.0" encoding="UTF-8"?>
<!-- Generated by org.testng.reporters.JUnitXMLReporter -->
<testsuite ignored="0" hostname="LAPTOP-VOLT5L75" failures="0" tests="6" name="Default test" time="0.135" errors="0" timestamp="2020-01-07T13:07:21 IST">
  <testcase classname="TestNG.TestNGGroupDemo" name="test1" time="0.01"/>
  <testcase classname="TestNG.TestNGGroupDemo" name="test2" time="0.001"/>
  <testcase classname="TestNG.TestNGGroupDemo" name="test3" time="0.001"/>
  <testcase classname="TestNG.TestNGGroupDemo" name="test4" time="0.001"/>
  <testcase classname="TestNG.TestNGGroupDemo" name="test5" time="0.001"/>
  <testcase classname="TestNG.TestNGGroupDemo" name="test6" time="0.001"/>
</testsuite> <!-- Default test -->
