<?xml version="1.0" encoding="UTF-8"?>
<!-- Generated by org.testng.reporters.JUnitXMLReporter -->
<testsuite ignored="0" hostname="LAPTOP-VOLT5L75" failures="1" tests="1" name="TestIE" time="319.281" errors="0" timestamp="2020-01-06T20:55:36 IST">
  <testcase classname="TestNG.TestNGMultiBrowser" name="@AfterTest tearDown" time="7.032">
    <failure type="org.openqa.selenium.remote.UnreachableBrowserException" message="Error communicating with the remote browser. It may have died.
Build info: version: &amp;apos;4.0.0-alpha-3&amp;apos;, revision: &amp;apos;8c567de6dc&amp;apos;
System info: host: &amp;apos;LAPTOP-VOLT5L75&amp;apos;, ip: &amp;apos;127.0.0.1&amp;apos;, os.name: &amp;apos;Windows 10&amp;apos;, os.arch: &amp;apos;amd64&amp;apos;, os.version: &amp;apos;10.0&amp;apos;, java.version: &amp;apos;13.0.1&amp;apos;
Driver info: driver.version: RemoteWebDriver
Capabilities {acceptInsecureCerts: false, browserName: internet explorer, browserVersion: 11, javascriptEnabled: true, pageLoadStrategy: normal, platform: WINDOWS, platformName: WINDOWS, proxy: Proxy(), se:ieOptions: {browserAttachTimeout: 0, elementScrollBehavior: 0, enablePersistentHover: true, ie.browserCommandLineSwitches: , ie.edgechromium: false, ie.edgepath: , ie.ensureCleanSession: false, ie.fileUploadDialogTimeout: 3000, ie.forceCreateProcessApi: false, ignoreProtectedModeSettings: false, ignoreZoomSetting: false, initialBrowserUrl: http://localhost:38038/, nativeEvents: true, requireWindowFocus: false}, setWindowRect: true, strictFileInteractability: false, timeouts: {implicit: 0, pageLoad: 300000, script: 30000}, unhandledPromptBehavior: dismiss and notify}
Session ID: 1e588fd2-a0a7-4090-9ef8-c19141a2d963">
      <![CDATA[org.openqa.selenium.remote.UnreachableBrowserException: Error communicating with the remote browser. It may have died.
Build info: version: '4.0.0-alpha-3', revision: '8c567de6dc'
System info: host: 'LAPTOP-VOLT5L75', ip: '127.0.0.1', os.name: 'Windows 10', os.arch: 'amd64', os.version: '10.0', java.version: '13.0.1'
Driver info: driver.version: RemoteWebDriver
Capabilities {acceptInsecureCerts: false, browserName: internet explorer, browserVersion: 11, javascriptEnabled: true, pageLoadStrategy: normal, platform: WINDOWS, platformName: WINDOWS, proxy: Proxy(), se:ieOptions: {browserAttachTimeout: 0, elementScrollBehavior: 0, enablePersistentHover: true, ie.browserCommandLineSwitches: , ie.edgechromium: false, ie.edgepath: , ie.ensureCleanSession: false, ie.fileUploadDialogTimeout: 3000, ie.forceCreateProcessApi: false, ignoreProtectedModeSettings: false, ignoreZoomSetting: false, initialBrowserUrl: http://localhost:38038/, nativeEvents: true, requireWindowFocus: false}, setWindowRect: true, strictFileInteractability: false, timeouts: {implicit: 0, pageLoad: 300000, script: 30000}, unhandledPromptBehavior: dismiss and notify}
Session ID: 1e588fd2-a0a7-4090-9ef8-c19141a2d963
at org.openqa.selenium.remote.RemoteWebDriver.execute(RemoteWebDriver.java:597)
at org.openqa.selenium.remote.RemoteWebDriver.execute(RemoteWebDriver.java:633)
at org.openqa.selenium.remote.RemoteWebDriver.execute(RemoteWebDriver.java:637)
at org.openqa.selenium.remote.RemoteWebDriver.close(RemoteWebDriver.java:462)
at TestNG.TestNGMultiBrowser.tearDown(TestNGMultiBrowser.java:48)
at java.base/java.util.concurrent.FutureTask.run(FutureTask.java:264)
at java.base/java.util.concurrent.ThreadPoolExecutor.runWorker(ThreadPoolExecutor.java:1128)
at java.base/java.util.concurrent.ThreadPoolExecutor$Worker.run(ThreadPoolExecutor.java:628)
at java.base/java.lang.Thread.run(Thread.java:830)
Caused by: java.io.UncheckedIOException: java.net.ConnectException: Failed to connect to localhost/0:0:0:0:0:0:0:1:38038
at org.openqa.selenium.remote.http.okhttp.OkHandler.makeCall(OkHandler.java:63)
at org.openqa.selenium.remote.http.AddSeleniumUserAgent.lambda$apply$0(AddSeleniumUserAgent.java:42)
at org.openqa.selenium.remote.http.Filter.lambda$andFinally$1(Filter.java:55)
at org.openqa.selenium.remote.http.okhttp.OkHandler.execute(OkHandler.java:52)
at org.openqa.selenium.remote.http.AddSeleniumUserAgent.lambda$apply$0(AddSeleniumUserAgent.java:42)
at org.openqa.selenium.remote.http.Filter.lambda$andFinally$1(Filter.java:55)
at org.openqa.selenium.remote.http.okhttp.OkHttpClient.execute(OkHttpClient.java:45)
at org.openqa.selenium.remote.HttpCommandExecutor.execute(HttpCommandExecutor.java:158)
at org.openqa.selenium.remote.service.DriverCommandExecutor.execute(DriverCommandExecutor.java:83)
at org.openqa.selenium.remote.RemoteWebDriver.execute(RemoteWebDriver.java:576)
... 23 more
Caused by: java.net.ConnectException: Failed to connect to localhost/0:0:0:0:0:0:0:1:38038
at okhttp3.internal.connection.RealConnection.connectSocket(RealConnection.kt:270)
at okhttp3.internal.connection.RealConnection.connect(RealConnection.kt:176)
at okhttp3.internal.connection.ExchangeFinder.findConnection(ExchangeFinder.kt:236)
at okhttp3.internal.connection.ExchangeFinder.findHealthyConnection(ExchangeFinder.kt:109)
at okhttp3.internal.connection.ExchangeFinder.find(ExchangeFinder.kt:77)
at okhttp3.internal.connection.Transmitter.newExchange$okhttp(Transmitter.kt:162)
at okhttp3.internal.connection.ConnectInterceptor.intercept(ConnectInterceptor.kt:35)
at okhttp3.internal.http.RealInterceptorChain.proceed(RealInterceptorChain.kt:112)
at okhttp3.internal.http.RealInterceptorChain.proceed(RealInterceptorChain.kt:87)
at okhttp3.internal.cache.CacheInterceptor.intercept(CacheInterceptor.kt:82)
at okhttp3.internal.http.RealInterceptorChain.proceed(RealInterceptorChain.kt:112)
at okhttp3.internal.http.RealInterceptorChain.proceed(RealInterceptorChain.kt:87)
at okhttp3.internal.http.BridgeInterceptor.intercept(BridgeInterceptor.kt:84)
at okhttp3.internal.http.RealInterceptorChain.proceed(RealInterceptorChain.kt:112)
at okhttp3.internal.http.RetryAndFollowUpInterceptor.intercept(RetryAndFollowUpInterceptor.kt:71)
at okhttp3.internal.http.RealInterceptorChain.proceed(RealInterceptorChain.kt:112)
at okhttp3.internal.http.RealInterceptorChain.proceed(RealInterceptorChain.kt:87)
at okhttp3.RealCall.getResponseWithInterceptorChain(RealCall.kt:184)
at okhttp3.RealCall.execute(RealCall.kt:66)
at org.openqa.selenium.remote.http.okhttp.OkHandler.makeCall(OkHandler.java:60)
... 32 more
Caused by: java.net.ConnectException: Connection refused: no further information
at java.base/sun.nio.ch.Net.pollConnect(Native Method)
at java.base/sun.nio.ch.Net.pollConnectNow(Net.java:579)
at java.base/sun.nio.ch.NioSocketImpl.timedFinishConnect(NioSocketImpl.java:549)
at java.base/sun.nio.ch.NioSocketImpl.connect(NioSocketImpl.java:597)
at java.base/java.net.SocksSocketImpl.connect(SocksSocketImpl.java:339)
at java.base/java.net.Socket.connect(Socket.java:603)
at okhttp3.internal.platform.Platform.connectSocket(Platform.kt:126)
at okhttp3.internal.connection.RealConnection.connectSocket(RealConnection.kt:268)
... 51 more
... Removed 15 stack frames]]>
    </failure>
  </testcase> <!-- @AfterTest tearDown -->
  <testcase classname="TestNG.TestNGMultiBrowser" name="test" time="302.902">
    <failure type="org.openqa.selenium.TimeoutException" message="Timed out waiting for page to load.
Build info: version: &amp;apos;4.0.0-alpha-3&amp;apos;, revision: &amp;apos;8c567de6dc&amp;apos;
System info: host: &amp;apos;LAPTOP-VOLT5L75&amp;apos;, ip: &amp;apos;127.0.0.1&amp;apos;, os.name: &amp;apos;Windows 10&amp;apos;, os.arch: &amp;apos;amd64&amp;apos;, os.version: &amp;apos;10.0&amp;apos;, java.version: &amp;apos;13.0.1&amp;apos;
Driver info: org.openqa.selenium.ie.InternetExplorerDriver
Capabilities {acceptInsecureCerts: false, browserName: internet explorer, browserVersion: 11, javascriptEnabled: true, pageLoadStrategy: normal, platform: WINDOWS, platformName: WINDOWS, proxy: Proxy(), se:ieOptions: {browserAttachTimeout: 0, elementScrollBehavior: 0, enablePersistentHover: true, ie.browserCommandLineSwitches: , ie.edgechromium: false, ie.edgepath: , ie.ensureCleanSession: false, ie.fileUploadDialogTimeout: 3000, ie.forceCreateProcessApi: false, ignoreProtectedModeSettings: false, ignoreZoomSetting: false, initialBrowserUrl: http://localhost:38038/, nativeEvents: true, requireWindowFocus: false}, setWindowRect: true, strictFileInteractability: false, timeouts: {implicit: 0, pageLoad: 300000, script: 30000}, unhandledPromptBehavior: dismiss and notify}
Session ID: 1e588fd2-a0a7-4090-9ef8-c19141a2d963">
      <![CDATA[org.openqa.selenium.TimeoutException: Timed out waiting for page to load.
Build info: version: '4.0.0-alpha-3', revision: '8c567de6dc'
System info: host: 'LAPTOP-VOLT5L75', ip: '127.0.0.1', os.name: 'Windows 10', os.arch: 'amd64', os.version: '10.0', java.version: '13.0.1'
Driver info: org.openqa.selenium.ie.InternetExplorerDriver
Capabilities {acceptInsecureCerts: false, browserName: internet explorer, browserVersion: 11, javascriptEnabled: true, pageLoadStrategy: normal, platform: WINDOWS, platformName: WINDOWS, proxy: Proxy(), se:ieOptions: {browserAttachTimeout: 0, elementScrollBehavior: 0, enablePersistentHover: true, ie.browserCommandLineSwitches: , ie.edgechromium: false, ie.edgepath: , ie.ensureCleanSession: false, ie.fileUploadDialogTimeout: 3000, ie.forceCreateProcessApi: false, ignoreProtectedModeSettings: false, ignoreZoomSetting: false, initialBrowserUrl: http://localhost:38038/, nativeEvents: true, requireWindowFocus: false}, setWindowRect: true, strictFileInteractability: false, timeouts: {implicit: 0, pageLoad: 300000, script: 30000}, unhandledPromptBehavior: dismiss and notify}
Session ID: 1e588fd2-a0a7-4090-9ef8-c19141a2d963
at org.openqa.selenium.remote.codec.w3c.W3CHttpResponseCodec.createException(W3CHttpResponseCodec.java:191)
at org.openqa.selenium.remote.codec.w3c.W3CHttpResponseCodec.decode(W3CHttpResponseCodec.java:125)
at org.openqa.selenium.remote.codec.w3c.W3CHttpResponseCodec.decode(W3CHttpResponseCodec.java:52)
at org.openqa.selenium.remote.HttpCommandExecutor.execute(HttpCommandExecutor.java:161)
at org.openqa.selenium.remote.service.DriverCommandExecutor.execute(DriverCommandExecutor.java:83)
at org.openqa.selenium.remote.RemoteWebDriver.execute(RemoteWebDriver.java:576)
at org.openqa.selenium.remote.RemoteWebDriver.get(RemoteWebDriver.java:276)
at TestNG.TestNGMultiBrowser.test(TestNGMultiBrowser.java:43)
at java.base/java.util.ArrayList.forEach(ArrayList.java:1507)
at java.base/java.util.concurrent.FutureTask.run(FutureTask.java:264)
at java.base/java.util.concurrent.ThreadPoolExecutor.runWorker(ThreadPoolExecutor.java:1128)
at java.base/java.util.concurrent.ThreadPoolExecutor$Worker.run(ThreadPoolExecutor.java:628)
at java.base/java.lang.Thread.run(Thread.java:830)
... Removed 23 stack frames]]>
    </failure>
  </testcase> <!-- test -->
</testsuite> <!-- TestIE -->
