<?xml version="1.0" encoding="UTF-8"?>
<testng-results ignored="0" total="6" passed="6" failed="0" skipped="0">
  <reporter-output>
  </reporter-output>
  <suite started-at="2020-01-07T13:07:20 IST" name="Default suite" finished-at="2020-01-07T13:07:20 IST" duration-ms="135">
    <groups>
      <group name="windows.system">
        <method signature="TestNGGroupDemo.test5()[pri:0, instance:TestNG.TestNGGroupDemo@71b1176b]" name="test5" class="TestNG.TestNGGroupDemo"/>
      </group> <!-- windows.system -->
      <group name="exploratory">
        <method signature="TestNGGroupDemo.test3()[pri:0, instance:TestNG.TestNGGroupDemo@71b1176b]" name="test3" class="TestNG.TestNGGroupDemo"/>
      </group> <!-- exploratory -->
      <group name="functional">
        <method signature="TestNGGroupDemo.test4()[pri:0, instance:TestNG.TestNGGroupDemo@71b1176b]" name="test4" class="TestNG.TestNGGroupDemo"/>
      </group> <!-- functional -->
      <group name="system">
        <method signature="TestNGGroupDemo.test3()[pri:0, instance:TestNG.TestNGGroupDemo@71b1176b]" name="test3" class="TestNG.TestNGGroupDemo"/>
        <method signature="TestNGGroupDemo.test4()[pri:0, instance:TestNG.TestNGGroupDemo@71b1176b]" name="test4" class="TestNG.TestNGGroupDemo"/>
      </group> <!-- system -->
      <group name="globalization">
        <method signature="TestNGGroupDemo.test2()[pri:0, instance:TestNG.TestNGGroupDemo@71b1176b]" name="test2" class="TestNG.TestNGGroupDemo"/>
      </group> <!-- globalization -->
      <group name="Alltestgroup">
        <method signature="TestNGGroupDemo.test1()[pri:0, instance:TestNG.TestNGGroupDemo@71b1176b]" name="test1" class="TestNG.TestNGGroupDemo"/>
        <method signature="TestNGGroupDemo.test2()[pri:0, instance:TestNG.TestNGGroupDemo@71b1176b]" name="test2" class="TestNG.TestNGGroupDemo"/>
        <method signature="TestNGGroupDemo.test3()[pri:0, instance:TestNG.TestNGGroupDemo@71b1176b]" name="test3" class="TestNG.TestNGGroupDemo"/>
        <method signature="TestNGGroupDemo.test4()[pri:0, instance:TestNG.TestNGGroupDemo@71b1176b]" name="test4" class="TestNG.TestNGGroupDemo"/>
        <method signature="TestNGGroupDemo.test5()[pri:0, instance:TestNG.TestNGGroupDemo@71b1176b]" name="test5" class="TestNG.TestNGGroupDemo"/>
        <method signature="TestNGGroupDemo.test6()[pri:0, instance:TestNG.TestNGGroupDemo@71b1176b]" name="test6" class="TestNG.TestNGGroupDemo"/>
      </group> <!-- Alltestgroup -->
      <group name="windows.usability">
        <method signature="TestNGGroupDemo.test6()[pri:0, instance:TestNG.TestNGGroupDemo@71b1176b]" name="test6" class="TestNG.TestNGGroupDemo"/>
      </group> <!-- windows.usability -->
      <group name="smoke">
        <method signature="TestNGGroupDemo.test1()[pri:0, instance:TestNG.TestNGGroupDemo@71b1176b]" name="test1" class="TestNG.TestNGGroupDemo"/>
        <method signature="TestNGGroupDemo.test4()[pri:0, instance:TestNG.TestNGGroupDemo@71b1176b]" name="test4" class="TestNG.TestNGGroupDemo"/>
      </group> <!-- smoke -->
    </groups>
    <test started-at="2020-01-07T13:07:20 IST" name="Default test" finished-at="2020-01-07T13:07:20 IST" duration-ms="135">
      <class name="TestNG.TestNGGroupDemo">
        <test-method signature="test1()[pri:0, instance:TestNG.TestNGGroupDemo@71b1176b]" started-at="2020-01-07T13:07:20 IST" name="test1" finished-at="2020-01-07T13:07:20 IST" duration-ms="10" status="PASS">
          <reporter-output>
          </reporter-output>
        </test-method> <!-- test1 -->
        <test-method signature="test2()[pri:0, instance:TestNG.TestNGGroupDemo@71b1176b]" started-at="2020-01-07T13:07:20 IST" name="test2" finished-at="2020-01-07T13:07:20 IST" duration-ms="1" status="PASS">
          <reporter-output>
          </reporter-output>
        </test-method> <!-- test2 -->
        <test-method signature="test3()[pri:0, instance:TestNG.TestNGGroupDemo@71b1176b]" started-at="2020-01-07T13:07:20 IST" name="test3" finished-at="2020-01-07T13:07:20 IST" duration-ms="1" status="PASS">
          <reporter-output>
          </reporter-output>
        </test-method> <!-- test3 -->
        <test-method signature="test4()[pri:0, instance:TestNG.TestNGGroupDemo@71b1176b]" started-at="2020-01-07T13:07:20 IST" name="test4" finished-at="2020-01-07T13:07:20 IST" duration-ms="1" status="PASS">
          <reporter-output>
          </reporter-output>
        </test-method> <!-- test4 -->
        <test-method signature="test5()[pri:0, instance:TestNG.TestNGGroupDemo@71b1176b]" started-at="2020-01-07T13:07:20 IST" name="test5" finished-at="2020-01-07T13:07:20 IST" duration-ms="1" status="PASS">
          <reporter-output>
          </reporter-output>
        </test-method> <!-- test5 -->
        <test-method signature="test6()[pri:0, instance:TestNG.TestNGGroupDemo@71b1176b]" started-at="2020-01-07T13:07:20 IST" name="test6" finished-at="2020-01-07T13:07:20 IST" duration-ms="1" status="PASS">
          <reporter-output>
          </reporter-output>
        </test-method> <!-- test6 -->
      </class> <!-- TestNG.TestNGGroupDemo -->
    </test> <!-- Default test -->
  </suite> <!-- Default suite -->
</testng-results>
